@00000003
00000013FFB0809300000013000000130000001300C080936004041300000417
6017A42300000797000000130000001300000013000080930000001300000013
00000013000000135E27AA230000079700000013000000130000001300F47113
59C22203000002170000001300000013000000135AC1A1830000019700000013
00000013000000130000001358C2A28300000297000000130000001300000013
0000001300000013004181B300000013000000130000001357C3230300000317
0032F2335637AA2300000797000000130000001300000013003181B300000013
0000001300000013FFF2C2935447AC2300000797000000130000001300000013
00000013000000130000001351432303000003175457A6230000079700000013
0000001300000013008313130000001300000013000000135003A38300000397
0000001300000013406353130000001300000013000000130033D39300000013
4C77AA23000007970000001300000013000000134E67A4230000079700000013
0000019746C12103000001174740A08300000097000000130000001300000013
0000039745C32303000003174742A28300000297478222030000021747C1A183
03810113000001170000001300000013000000134600A083000000974583A383
0000009700000013000000130000001300010067000000130000001300000013
00000013000000134017AE230000079700000013000000130000001342C0A083
4227A423000007970000001300000013000000133EC121030000011700000013
000007970000001300000013000000133CC22203000002173E01A18300000197
0000001300000013000000133C82A283000002974047A223000007974037A423
000002173CC2A283000002970000001300000013000000133E57A62300000797
000007973A57AC23000007973C012103000001173C41A183000001973C822203
0000001300000013000000133A27A023000007973A37A423000007973A47A823
000000130000001300000013005201B300000013000000130000001300310133
0000001300000013000000130014019300000013000000130000001300310133
000001972C778A23000007972D82220300000217006800A32E48081300000817
2E47AE23000007973037A223000007970000001300000013000000132CC1A183
39C28293000002973047A42300000797394003EF29C2220300000217004181B3
00000013001403132E57A42300000797000283E7000000130000001300000013
2803838300000397000000130018830329088893000008970000001300000013
00000013000000132877A42300000797000000132867AA230000079700000013
0000011720C0A083000000972267A02300000797338003EF0073033300000013
000003172202A2830000029722822203000002171FC1A1830000019720412103
1E47AC23000007970000001300000013000000132380A0830000009721832303
000007971C17AA23000007971E41210300000117000000130000001300000013
0030546300300863003018630001CA6300304C630001F193000000131C27A623
0002721300618193001181930030046300027213006181930041819300000263
00618193004046630000001300A2021300000013000000130000001300401E63
0000001300000013004181B30000001300000013000000130031819300000A63
000007971627A823000007971617AA23000007971437A2230000079700000013
000000130000001300000013000000130000806725008093000000971637A623
0000001300000013000000130000001300000013000000130000001300000013
0000001300000013000000130000001300000013000000130000001300000013
0000001300000013000000130000001300000013000000130000001300000013
0000001300000013000000130000001300000013000000130000001300000013
0000001300000013000000130000001300000013000000130000001300000013
0000001300000013000000130000001300000013000000130000001300000013
0000001300000013000000130000001300000013000000130000001300000013
00000042D22DD22D00001EAFDEEBDEEB00010820BEADBEAD0000700F00000000
F00BF00BD0CAD0CA0000600D00000000DDDDDDDD0000600FB006B006F0EDF0ED
BA11BA1100006969CCCCCCCC99999999892189210000123400001010FFFFFFFF
0001085400000000000107300001075CABBAABBA00000110ABCDABCD88888888
0000001300000013000000130000001300000013000000130000001300000013
0000001300000013000000130000001300000013000000130000001300000013
0000001300000013000000130000001300000013000000130000001300000013
0000001300000013000000130000001300000013000000130000001300000013
00038067F082A283000002970003806700E20213000000130000001300000013
EFC2220300000217F041A18300000197F0C1210300000117F140A08300000097
0000F0932AC404130000041700038067EEC3230300000317EF42A28300000297
FFF1C2930031111300308213003100B300B1011300D181930001F19300017113
FFF0F11300E2009300A2009300520093003182B3000000130000001300F17193
002520230045051325050513000005172457AC23000007972627A02300000797
2381A183000001972237AE23000007972401A1830000019724C1A18300000197
00C282932440A0830000009700718293001252132301A1830000019700B18213
2037A223000007972027A623000007972017AA230000079700C1811300C20093
0000F0930002039300018313000082931E57AA23000007971E47AE2300000797
009080930011819300404463002202130021819300808093000272130001F193
DF03A38300000397DF43230300000317DF81210300000117001202130200CE63
00000097003202130021819300000013000272130001F1931804041300000417
0000009700120213001004631780A08300000097001181930000C4631840A083
00047093001202130010546316C0A0830000009700118193001054631640A083
1247AC23000007971237AE230000079700118193001014631200809300000097
00000013005082B3FF908093001282930000C663FFF080930002F2930000F093
01008093000000970002F293000284131057A623000007970000001300000013
CB40A08300000097000000130000001300000013005402B30012829300008067
000000130000001300000013180008630857AC23000007970A04041300000417
0000001300000013000000130000001300000013000000130000001300000013
0000001300000013000000130000001300000013000000130000001300000013
0000001300000013000000130000001300000013000000130000001300000013
0000001300000013000000130000001300000013000000130000001300000013
FADDFADD00010B3800003DAC9A4D9A4D00000000ABDAABDA0000000000000000
00010C000000276C00000FEEF00FF00FF00FF00F00010B2000000111FB03FB03
0000001300000013000000130000001300000013000000130000001300000013
0000001300000013000000130000001300000013000000130000001300000013
0000001300000013000000130000001300000013000000130000001300000013
0000001300000013000000130000001300000013000000130000001300000013
0000001300000013000000130000001300000013000000130000001300000013
0000001300000013000000130000001300000013000000130000001300000013
000474130000F093000171130001F193000272130002F293000373130003F393
FF9101130020A0233F01A18300000197404121030000011741C0809300000097
004102333CC12103000001173F02021300000217FE3048E3FFF1819300408093
FFE181930033202300428333270003EF000171130000F0933CC1A18300000197
0041023338C12103000001173B02021300000217FE02D4E3000082931C4003EF
003320230042833322C003EF000171130000F0933881A1830000019700410233
348222030000021736C1819300000197FE02D4E3000082931B0003EFFFB18193
004283B31E8003EF31C12103000001173200A083000000970003731300418233
2E80A083000000972E27AE23000007973017A02300000797170003EF0003A303
108003EF0062A023007303330002A383003282B31B8003EF2E41210300000117
0000F093F80008E32A27AA23000007972A17AC23000007970003CC6300008393
2817AA23000007972817AA23000007972A17A023000007972A17A02300000797
0000009700037313004182330042023329822203000002172BC1819300000197
0000079705C003EF0003A303003283B3134003EF268121030000011726C0A083
104003EF23012103000001172340A083000000972427A423000007972417A623
000007970003CC6300008393084003EF0062A023007303330002A383004282B3
0010809300500663FF1082930E000063F80008E32027A023000007972017A223
FFF080930000F093000006630000F0930011011300500863FF11029302000063
0010809300500863FF108293020000630011011300500663FF11029300038067
FF1081931A37A2230000079700038067FFF080930000F0930000066300017113
0010809300300E63FF1081931A81A18300000197023000630001019302300A63
0011009300300A63FF110193020002630000F0930010811302000863FFF10113
000380671441A18300000197FFF080930000F0930000066300F1011300017113
128222030000021714C08093000000970003806700229293005082B300511293
1181210300000117000272130002F293000373130003F393001200B300420233
0F8121030000011700221213FE0158E3FFF1011300408093004182330000A183
0D8121030000011700229293FE0158E3FFF1011300408093005182B30000A183
0B8121030000011700231313FE0158E3FFF1011300408093006183330000A183
00000063FFF3C3930071F1B3FE0158E3FFF1011300408093007183B30000A183
0000000000000000000000000000000000000000000000000000000000000000
0000000000000000000000000000000000000000000000000000000000000000
0000000000000000000000000000000000000000000000000000000000000000
0000000000000000000000000000000000000000000000000000000000000000
00000000000000FFFFFFFFF10000003F00004A3F00000FFFF000F00000000100
0000000000000000000000000000000000000000000000000000000000000000
0000000000000000000000000000000000000000000000000000000000000000
0000000000000000000000000000000000000000000000000000000000000000
0000000000000000000000000000000000000000000000000000000000000000
0000000000000000000000000000000000000000000000000000000000000000
0000000000000000000000000000000000000000000000000000000000000000
0000000000000000000000000000000000000000000000000000000000000000
0000000000000000000000000000000000000000000000000000000000000000
0000000000000000000000000000000000000000000000000000000000000000
0000000000000000000000000000000000000000000000000000000000000000
0000000000000000000000000000000000000000000000000000000000000000
0000000000000000000000000000000000000000000000000000000000000000
0000000000000000000000000000000000000000000000000000000000000000
0000000000000000000000000000000000000000000000000000000000000000
0000000000000000000000000000000000000000000000000000000000000000
0000000000000000000000000000000000000000000000000000000000000000
0000000000000000000000000000000000000000000000000000000000000000
0000000000000000000000000000000000000000000000000000000000000000
0000000000000000000000000000000000000000000000000000000000000000
0000000000000000000000000000000000000000000000000000000000000000
0000000000000000000000000000000000000000000000000000000000000000
0000000000000000000000000000000000000000000000000000000000000000
0000000000000000000000000000000000000000000000000000000000000000
0000000000000000000000000000000000000000000000000000000000000000
0000000000000000000000000000000000000000000000000000000000000000
0000000000000000000000000000000000000000000000000000000000000000
0000000000000000000000000000000000000000000000000000000000000000
0000000000000000000000000000000000000000000000000000000000000000
0000000000000000000000000000000000000000000000000000000000000000
0000000000000000000000000000000000000000000000000000000000000000
0000000000000000000000000000000000000000000000000000000000000000
0000000000000000000000000000000000000000000000000000000000000000
0000000000000000000000000000000000000000000000000000000000000000
0000000000000000000000000000000000000000000000000000000000000000
0000000000000000000000000000000000000000000000000000000000000000
0000000000000000000000000000000000000000000000000000000000000000
0000000000000000000000000000000000000000000000000000000000000000
0000000000000000000000000000000000000000000000000000000000000000
0000000000000000000000000000000000000000000000000000000000000000
0000000000000000000000000000000000000000000000000000000000000000
0000000000000000000000000000000000000000000000000000000000000000
0000000000000000000000000000000000000000000000000000000000000000
0000000000000000000000000000000000000000000000000000000000000000
0000000000000000000000000000000000000000000000000000000000000000
0000000000000000000000000000000000000000000000000000000000000000
0000000000000000000000000000000000000000000000000000000000000000
0000000000000000000000000000000000000000000000000000000000000000
0000000000000000000000000000000000000000000000000000000000000000
0000000000000000000000000000000000000000000000000000000000000000
0000000000000000000000000000000000000000000000000000000000000000
0000000000000000000000000000000000000000000000000000000000000000
0000000000000000000000000000000000000000000000000000000000000000
0000000000000000000000000000000000000000000000000000000000000000
0000000000000000000000000000000000000000000000000000000000000000
0000000000000000000000000000000000000000000000000000000000000000
0000000000000000000000000000000000000000000000000000000000000000
0000000000000000000000000000000000000000000000000000000000000000
0000000000000000000000000000000000000000000000000000000000000000
0000000000000000000000000000000000000000000000000000000000000000
0000000000000000000000000000000000000000000000000000000000000000
0000000000000000000000000000000000000000000000000000000000000000
0000000000000000000000000000000000000000000000000000000000000000
0000000000000000000000000000000000000000000000000000000000000000
0000000000000000000000000000000000000000000000000000000000000000
0000000000000000000000000000000000000000000000000000000000000000
0000000000000000000000000000000000000000000000000000000000000000
0000000000000000000000000000000000000000000000000000000000000000
0000000000000000000000000000000000000000000000000000000000000000
0000000000000000000000000000000000000000000000000000000000000000
0000000000000000000000000000000000000000000000000000000000000000
0000000000000000000000000000000000000000000000000000000000000000
0000000000000000000000000000000000000000000000000000000000000000
0000000000000000000000000000000000000000000000000000000000000000
0000000000000000000000000000000000000000000000000000000000000000
0000000000000000000000000000000000000000000000000000000000000000
0000000000000000000000000000000000000000000000000000000000000000
0000000000000000000000000000000000000000000000000000000000000000
0000000000000000000000000000000000000000000000000000000000000000
0000000000000000000000000000000000000000000000000000000000000000
0000000000000000000000000000000000000000000000000000000000000000
0000000000000000000000000000000000000000000000000000000000000000
0000000000000000000000000000000000000000000000000000000000000000
0000000000000000000000000000000000000000000000000000000000000000
0000000000000000000000000000000000000000000000000000000000000000
0000000000000000000000000000000000000000000000000000000000000000
0000000000000000000000000000000000000000000000000000000000000000
0000000000000000000000000000000000000000000000000000000000000000
0000000000000000000000000000000000000000000000000000000000000000
0000000000000000000000000000000000000000000000000000000000000000
0000000000000000000000000000000000000000000000000000000000000000
0000000000000000000000000000000000000000000000000000000000000000
0000000000000000000000000000000000000000000000000000000000000000
0000000000000000000000000000000000000000000000000000000000000000
0000000000000000000000000000000000000000000000000000000000000000
0000000000000000000000000000000000000000000000000000000000000000
00000000000000000000000000000000000000000000000000000000
